<?xml version="1.0" encoding="UTF-8"?>
<testng-results ignored="0" total="1" passed="1" failed="0" skipped="0">
  <reporter-output>
  </reporter-output>
  <suite started-at="2021-02-06T12:24:47 AEDT" name="Default suite" finished-at="2021-02-06T12:25:41 AEDT" duration-ms="54693">
    <groups>
    </groups>
    <test started-at="2021-02-06T12:24:47 AEDT" name="Default test" finished-at="2021-02-06T12:25:41 AEDT" duration-ms="54693">
      <class name="iosmobiletesting.SafariBrowser">
        <test-method signature="safariBrowserTest()[pri:0, instance:iosmobiletesting.SafariBrowser@5e316c74]" started-at="2021-02-06T12:24:47 AEDT" name="safariBrowserTest" finished-at="2021-02-06T12:25:41 AEDT" duration-ms="54576" status="PASS">
          <reporter-output>
          </reporter-output>
        </test-method> <!-- safariBrowserTest -->
      </class> <!-- iosmobiletesting.SafariBrowser -->
    </test> <!-- Default test -->
  </suite> <!-- Default suite -->
</testng-results>
